[00:09:13] [ServerMain/INFO]: Environment: authHost='https://authserver.mojang.com', accountsHost='https://api.mojang.com', sessionHost='https://sessionserver.mojang.com', servicesHost='https://api.minecraftservices.com', name='PROD'
[00:09:16] [ServerMain/INFO]: Loaded 7 recipes
[00:09:17] [Server thread/INFO]: Starting minecraft server version 1.20.1
[00:09:17] [Server thread/INFO]: Loading properties
[00:09:17] [Server thread/INFO]: This server is running Paper version git-Paper-196 (MC: 1.20.1) (Implementing API version 1.20.1-R0.1-SNAPSHOT) (Git: 773dd72)
[00:09:18] [Server thread/INFO]: Server Ping Player Sample Count: 12
[00:09:18] [Server thread/INFO]: Using 4 threads for Netty based IO
[00:09:18] [Server thread/WARN]: [!] The timings profiler has been enabled but has been scheduled for removal from Paper in the future.
    We recommend installing the spark profiler as a replacement: https://spark.lucko.me/
    For more information please visit: https://github.com/PaperMC/Paper/issues/8948
[00:09:18] [Server thread/INFO]: [ChunkTaskScheduler] Chunk system is using 1 I/O threads, 1 worker threads, and gen parallelism of 1 threads
[00:09:18] [Server thread/INFO]: Default game type: SURVIVAL
[00:09:18] [Server thread/INFO]: Generating keypair
[00:09:19] [Server thread/INFO]: Starting Minecraft server on *:25565
[00:09:19] [Server thread/INFO]: Using epoll channel type
[00:09:19] [Server thread/INFO]: Paper: Using libdeflate (Linux x86_64) compression from Velocity.
[00:09:19] [Server thread/INFO]: Paper: Using OpenSSL 1.1.x (Linux x86_64) cipher from Velocity.
[00:09:20] [Server thread/INFO]: [WorldEdit] Loading server plugin WorldEdit v7.2.15+6463-5ca4dff
[00:09:21] [Server thread/INFO]: Got request to register class com.sk89q.worldedit.bukkit.BukkitServerInterface with WorldEdit [com.sk89q.worldedit.extension.platform.PlatformManager@1d12ff76]
[00:09:21] [Server thread/INFO]: [WorldGuard] Loading server plugin WorldGuard v7.0.9+5934e49
[00:09:21] [Server thread/INFO]: [Multiverse-Core] Loading server plugin Multiverse-Core v4.3.16
[00:09:21] [Server thread/INFO]: [Essentials] Loading server plugin Essentials v2.20.1
[00:09:21] [Server thread/INFO]: [UberEnchant] Loading server plugin UberEnchant v8.11.0
[00:09:21] [Server thread/INFO]: [Shopkeepers] Loading server plugin Shopkeepers v2.22.3
[00:09:22] [Server thread/INFO]: [Shopkeepers] Loaded all plugin classes (497 ms).
[00:09:22] [Server thread/INFO]: [Shopkeepers] Loading config.
[00:09:22] [Server thread/WARN]: [Shopkeepers] Config: Invalid living entity type name in 'enabled-living-shops': ARMADILLO
[00:09:22] [Server thread/WARN]: [Shopkeepers] Config: Invalid living entity type name in 'enabled-living-shops': BOGGED
[00:09:22] [Server thread/WARN]: [Shopkeepers] Config: Invalid living entity type name in 'enabled-living-shops': BREEZE
[00:09:22] [Server thread/WARN]: [Shopkeepers] Config: Invalid living entity type name in 'enabled-living-shops': MOOSHROOM
[00:09:22] [Server thread/WARN]: [Shopkeepers] Config: Invalid living entity type name in 'enabled-living-shops': SNOW_GOLEM
[00:09:22] [Server thread/WARN]: [Shopkeepers] Config: All existing entity type names can be found here: https://hub.spigotmc.org/javadocs/spigot/org/bukkit/entity/EntityType.html
[00:09:22] [Server thread/INFO]: [Shopkeepers] Loading language file: language-en-default.yml
[00:09:22] [Server thread/WARN]: [Shopkeepers] Config: Invalid living entity type name in 'enabled-living-shops': ARMADILLO
[00:09:22] [Server thread/WARN]: [Shopkeepers] Config: Invalid living entity type name in 'enabled-living-shops': BOGGED
[00:09:22] [Server thread/WARN]: [Shopkeepers] Config: Invalid living entity type name in 'enabled-living-shops': BREEZE
[00:09:22] [Server thread/WARN]: [Shopkeepers] Config: Invalid living entity type name in 'enabled-living-shops': MOOSHROOM
[00:09:22] [Server thread/WARN]: [Shopkeepers] Config: Invalid living entity type name in 'enabled-living-shops': SNOW_GOLEM
[00:09:22] [Server thread/WARN]: [Shopkeepers] Config: All existing entity type names can be found here: https://hub.spigotmc.org/javadocs/spigot/org/bukkit/entity/EntityType.html
[00:09:22] [Server thread/INFO]: [Shopkeepers] Registering WorldGuard flag 'allow-shop'.
[00:09:22] [Server thread/INFO]: [Shopkeepers] Registering defaults.
[00:09:22] [Server thread/INFO]: [EssentialsSpawn] Loading server plugin EssentialsSpawn v2.20.1
[00:09:22] [Server thread/INFO]: [SetHome] Loading server plugin SetHome v6.2.3
[00:09:22] [Server thread/INFO]: [SimpleTpa] Loading server plugin SimpleTpa v7.6
[00:09:22] [Server thread/INFO]: [AdvancedPortals] Loading server plugin AdvancedPortals v1.0.0
[00:09:22] [Server thread/INFO]: [LoginSecurity] Loading server plugin LoginSecurity v3.2.0
[00:09:22] [Server thread/INFO]: [SetSpawn] Loading server plugin SetSpawn v5.3
[00:09:22] [Server thread/INFO]: [ClearLag] Loading server plugin ClearLag v3.2.2
[00:09:22] [Server thread/INFO]: [SimpleRTP] Loading server plugin SimpleRTP v5.4
[00:09:22] [Server thread/INFO]: [Images] Loading server plugin Images v2.5.4
[00:09:22] [Server thread/INFO]: Server permissions file permissions.yml is empty, ignoring it
[00:09:22] [Server thread/INFO]: [WorldEdit] Enabling WorldEdit v7.2.15+6463-5ca4dff
[00:09:22] [Server thread/INFO]: Registering commands with com.sk89q.worldedit.bukkit.BukkitServerInterface
[00:09:22] [Server thread/INFO]: WEPIF: Using the Bukkit Permissions API.
[00:09:22] [Server thread/INFO]: Using com.sk89q.worldedit.bukkit.adapter.impl.v1_20_R1.PaperweightAdapter as the Bukkit adapter
[00:09:24] [Server thread/WARN]: **** SERVER IS RUNNING IN OFFLINE/INSECURE MODE!
[00:09:24] [Server thread/WARN]: The server will make no attempt to authenticate usernames. Beware.
[00:09:24] [Server thread/WARN]: While this makes the game possible to play without internet access, it also opens up the ability for hackers to connect with any username they choose.
[00:09:24] [Server thread/WARN]: To change this, set "online-mode" to "true" in the server.properties file.
[00:09:24] [Server thread/INFO]: Preparing level "world"
[00:09:26] [Server thread/INFO]: Preparing start region for dimension minecraft:overworld
[00:09:26] [Server thread/INFO]: Time elapsed: 558 ms
[00:09:26] [Server thread/INFO]: Preparing start region for dimension minecraft:the_nether
[00:09:26] [Server thread/INFO]: Time elapsed: 149 ms
[00:09:26] [Server thread/INFO]: Preparing start region for dimension minecraft:the_end
[00:09:27] [Server thread/INFO]: Time elapsed: 113 ms
[00:09:27] [Server thread/INFO]: [WorldGuard] Enabling WorldGuard v7.0.9+5934e49
[00:09:27] [Server thread/INFO]: [WorldGuard] (world) TNT ignition is PERMITTED.
[00:09:27] [Server thread/INFO]: [WorldGuard] (world) Lighters are PERMITTED.
[00:09:27] [Server thread/INFO]: [WorldGuard] (world) Lava fire is PERMITTED.
[00:09:27] [Server thread/INFO]: [WorldGuard] (world) Fire spread is UNRESTRICTED.
[00:09:27] [Server thread/INFO]: [WorldGuard] Loaded configuration for world 'world'
[00:09:27] [Server thread/INFO]: [WorldGuard] (world_nether) TNT ignition is PERMITTED.
[00:09:27] [Server thread/INFO]: [WorldGuard] (world_nether) Lighters are PERMITTED.
[00:09:27] [Server thread/INFO]: [WorldGuard] (world_nether) Lava fire is PERMITTED.
[00:09:27] [Server thread/INFO]: [WorldGuard] (world_nether) Fire spread is UNRESTRICTED.
[00:09:27] [Server thread/INFO]: [WorldGuard] Loaded configuration for world 'world_nether'
[00:09:27] [Server thread/INFO]: [WorldGuard] (world_the_end) TNT ignition is PERMITTED.
[00:09:27] [Server thread/INFO]: [WorldGuard] (world_the_end) Lighters are PERMITTED.
[00:09:27] [Server thread/INFO]: [WorldGuard] (world_the_end) Lava fire is PERMITTED.
[00:09:27] [Server thread/INFO]: [WorldGuard] (world_the_end) Fire spread is UNRESTRICTED.
[00:09:27] [Server thread/INFO]: [WorldGuard] Loaded configuration for world 'world_the_end'
[00:09:27] [Server thread/INFO]: [WorldGuard] Loading region data...
[00:09:28] [Server thread/INFO]: [Multiverse-Core] Enabling Multiverse-Core v4.3.16
[00:09:28] [Server thread/WARN]: [Multiverse-Core] "Multiverse-Core v4.3.16" has registered a listener for org.bukkit.event.entity.EntityCreatePortalEvent on method "public void com.onarandombox.MultiverseCore.listeners.MVPortalListener.entityPortalCreate(org.bukkit.event.entity.EntityCreatePortalEvent)", but the event is Deprecated. "Server performance will be affected"; please notify the authors [dumptruckman, Rigby, fernferret, lithium3141, main--].
[00:09:28] [Server thread/INFO]: [Multiverse-Core] §aWe are aware of the warning about the deprecated event. There is no alternative that allows us to do what we need to do and performance impact is negligible. It is safe to ignore.
[00:09:28] [Server thread/INFO]: Preparing start region for dimension minecraft:spawn
[00:09:28] [Server thread/INFO]: Time elapsed: 78 ms
[00:09:28] [Server thread/INFO]: [WorldGuard] (spawn) TNT ignition is PERMITTED.
[00:09:28] [Server thread/INFO]: [WorldGuard] (spawn) Lighters are PERMITTED.
[00:09:28] [Server thread/INFO]: [WorldGuard] (spawn) Lava fire is PERMITTED.
[00:09:28] [Server thread/INFO]: [WorldGuard] (spawn) Fire spread is UNRESTRICTED.
[00:09:28] [Server thread/INFO]: [WorldGuard] Loaded configuration for world 'spawn'
[00:09:28] [Server thread/INFO]: [Multiverse-Core] 4 - World(s) loaded.
[00:09:28] [Server thread/WARN]: [Multiverse-Core] Buscript failed to load! The script command will be disabled! If you would like not to see this message, use `/mv conf enablebuscript false` to disable Buscript from loading.
[00:09:28] [Server thread/INFO]: [Multiverse-Core] Version 4.3.16 (API v24) Enabled - By dumptruckman, Rigby, fernferret, lithium3141 and main--
[00:09:28] [Server thread/INFO]: [Essentials] Enabling Essentials v2.20.1
[00:09:29] [Server thread/INFO]: [Essentials] Attempting to convert old kits in config.yml to new kits.yml
[00:09:29] [Server thread/INFO]: [Essentials] No kits found to migrate.
[00:09:29] [Server thread/INFO]: [Essentials] Loaded 39094 items from items.json.
[00:09:29] [Server thread/INFO]: [Essentials] Using locale en
[00:09:29] [Server thread/INFO]: [Essentials] ServerListPingEvent: Spigot iterator API
[00:09:29] [Server thread/INFO]: [Essentials] Starting Metrics. Opt-out using the global bStats config.
[00:09:29] [Server thread/INFO]: [Essentials] Using superperms-based permissions.
[00:09:29] [Server thread/INFO]: [UberEnchant] Enabling UberEnchant v8.11.0
[00:09:29] [Server thread/WARN]: [UberEnchant] Vault/Economy plugin not found, commands will work only for those with permissions!
[00:09:29] [Server thread/INFO]: [UberEnchant] Custom enchantment table mechanics enabled!
[00:09:29] [Server thread/INFO]: [UberEnchant] Custom anvil mechanics enabled!
[00:09:29] [Server thread/INFO]: [Shopkeepers] Enabling Shopkeepers v2.22.3
[00:09:29] [Server thread/INFO]: [Shopkeepers] Loading the data of 3 shopkeepers ...
[00:09:30] [Server thread/INFO]: [EssentialsSpawn] Enabling EssentialsSpawn v2.20.1
[00:09:30] [Server thread/INFO]: [EssentialsSpawn] Starting Metrics. Opt-out using the global bStats config.
[00:09:30] [Server thread/INFO]: [SetHome] Enabling SetHome v6.2.3
[00:09:30] [Server thread/INFO]: [SimpleTpa] Enabling SimpleTpa v7.6
[00:09:30] [Server thread/INFO]: [SimpleTpa] If you need support contact me at https://discord.gg/SZUkza9
[00:09:30] [Server thread/INFO]: [SimpleTpa] Simple Tpa has been enabled on version 7.6
[00:09:30] [Server thread/INFO]: Enabled metrics. You may opt-out by changing plugins/bStats/config.yml
[00:09:30] [Server thread/INFO]: [AdvancedPortals] Enabling AdvancedPortals v1.0.0
[00:09:30] [Server thread/INFO]: [AdvancedPortals] BLOCK_PORTAL_TRAVEL found
[00:09:30] [Server thread/WARN]: [AdvancedPortals] Proxy features disabled for Advanced Portals as bungee isn't enabled on the server (spigot.yml).If you are using Paper proxies.velocity.enabled (config/paper-global.yml) or settings.velocity-support.enabled (paper.yml) may not be enabled 
[00:09:30] [Server thread/INFO]: Advanced portals have been successfully enabled!
[00:09:30] [Server thread/INFO]: [LoginSecurity] Enabling LoginSecurity v3.2.0
[00:09:30] [Server thread/INFO]: [LoginSecurity] Loading base translations from "en_us"
[00:09:30] [Server thread/INFO]: [LoginSecurity] Loading specified translations from "en_us"
[00:09:30] [Server thread/INFO]: [LoginSecurity] Registering commands...
[00:09:30] [Server thread/INFO]: [LoginSecurity] Registering listeners...
[00:09:30] [Server thread/INFO]: [LoginSecurity] Using 1.12+ map captcha renderer
[00:09:30] [Server thread/INFO]: [SetSpawn] Enabling SetSpawn v5.3
[00:09:30] [Server thread/INFO]: [SetSpawn] Enabled!
[00:09:30] [Server thread/INFO]: [ClearLag] Enabling ClearLag v3.2.2
[00:09:30] [Server thread/INFO]: [ClearLag] Using version-adapter: LatestVersionAdapter
[00:09:30] [Server thread/INFO]: [ClearLag] Loading modules...
[00:09:30] [Server thread/WARN]: [ClearLag] Clearlag failed to use the internal TPS tracker during initialization. Reverted to estimation... (net.minecraft.server.v1_20_R1.MinecraftServer)
[00:09:30] [Server thread/INFO]: [ClearLag] Modules enabed, loading config values
[00:09:30] [Server thread/INFO]: [ClearLag] Modules have been loaded!
[00:09:30] [Server thread/INFO]: [ClearLag] Clearlag is now enabled!
[00:09:30] [Thread-10/INFO]: [ClearLag] Checking for updates compatible with your bukkit version [1.20]...
[00:09:30] [Server thread/INFO]: [SimpleRTP] Enabling SimpleRTP v5.4
[00:09:30] [Server thread/INFO]: [Images] Enabling Images v2.5.4
[00:09:30] [Server thread/INFO]: [Images] PaperMC server detected. Adjustments will be made to accommodate...
[00:09:30] [Thread-10/INFO]: [ClearLag] No updates found!
[00:09:30] [Server thread/INFO]: [UberEnchant] Found: 0 Registered UberEnchantments.
[00:09:30] [Server thread/INFO]: [UberEnchant] Loaded: 0 UberEnchantments.
[00:09:30] [Server thread/INFO]: Running delayed init tasks
[00:09:30] [Server thread/INFO]: Done (13.755s)! For help, type "help"
[00:09:30] [Craft Scheduler Thread - 3 - Essentials/INFO]: [Essentials] Fetching version information...
[00:09:30] [Server thread/INFO]: Timings Reset
[00:09:31] [Craft Scheduler Thread - 3 - Essentials/WARN]: [Essentials] There is a new EssentialsX version available for download: 2.21.0.
[00:09:31] [Craft Scheduler Thread - 3 - Essentials/WARN]: [Essentials] Download it here: https://essentialsx.net/downloads.html?branch=stable
[00:09:32] [Craft Scheduler Thread - 3 - Images/INFO]: [Images] Loaded 0 images...
[00:10:42] [Server thread/INFO]: Stopping the server
[00:10:42] [Server thread/INFO]: Stopping server
[00:10:42] [Server thread/INFO]: [Images] Disabling Images v2.5.4
[00:10:42] [Server thread/INFO]: [SimpleRTP] Disabling SimpleRTP v5.4
[00:10:42] [Server thread/INFO]: [ClearLag] Disabling ClearLag v3.2.2
[00:10:42] [Server thread/INFO]: [ClearLag] Clearlag is now disabled!
[00:10:42] [Server thread/INFO]: [SetSpawn] Disabling SetSpawn v5.3
[00:10:42] [Server thread/INFO]: [SetSpawn] Disabled!
[00:10:42] [Server thread/INFO]: [LoginSecurity] Disabling LoginSecurity v3.2.0
[00:10:42] [Server thread/INFO]: [LoginSecurity] Waiting for queued tasks...
[00:10:42] [Server thread/INFO]: [LoginSecurity] ExecutorService shut down, ready to disable.
[00:10:42] [Server thread/INFO]: [AdvancedPortals] Disabling AdvancedPortals v1.0.0
[00:10:42] [Server thread/INFO]: Advanced portals are being disabled!
[00:10:42] [Server thread/INFO]: [SimpleTpa] Disabling SimpleTpa v7.6
[00:10:42] [Server thread/INFO]: [SimpleTpa] If you need support contact me at https://discord.gg/SZUkza9
[00:10:42] [Server thread/INFO]: [SimpleTpa] Simple Tpa has been disabled on version 7.6
[00:10:42] [Server thread/INFO]: [SetHome] Disabling SetHome v6.2.3
[00:10:42] [Server thread/INFO]: [EssentialsSpawn] Disabling EssentialsSpawn v2.20.1
[00:10:42] [Server thread/INFO]: [Shopkeepers] Disabling Shopkeepers v2.22.3
[00:10:42] [Server thread/INFO]: [UberEnchant] Disabling UberEnchant v8.11.0
[00:10:42] [Server thread/INFO]: [Essentials] Disabling Essentials v2.20.1
[00:10:42] [Server thread/INFO]: [Multiverse-Core] Disabling Multiverse-Core v4.3.16
[00:10:42] [Server thread/INFO]: [WorldGuard] Disabling WorldGuard v7.0.9+5934e49
[00:10:42] [Server thread/INFO]: [WorldGuard] Shutting down executor and cancelling any pending tasks...
[00:10:42] [Server thread/INFO]: [WorldEdit] Disabling WorldEdit v7.2.15+6463-5ca4dff
[00:10:42] [Server thread/INFO]: Unregistering com.sk89q.worldedit.bukkit.BukkitServerInterface from WorldEdit
[00:10:42] [Server thread/INFO]: Saving players
[00:10:42] [Server thread/INFO]: Saving worlds
[00:10:42] [Server thread/INFO]: Saving chunks for level 'ServerLevel[world]'/minecraft:overworld
[00:10:42] [Server thread/INFO]: [ChunkHolderManager] Waiting 60s for chunk system to halt for world 'world'
[00:10:42] [Server thread/INFO]: [ChunkHolderManager] Halted chunk system for world 'world'
[00:10:42] [Server thread/INFO]: [ChunkHolderManager] Saving all chunkholders for world 'world'
[00:10:46] [Server thread/INFO]: [ChunkHolderManager] Saved 1772 block chunks, 529 entity chunks, 2 poi chunks in world 'world' in 3.33s
[00:10:46] [Server thread/INFO]: ThreadedAnvilChunkStorage (world): All chunks are saved
[00:10:46] [Server thread/INFO]: Saving chunks for level 'ServerLevel[world_nether]'/minecraft:the_nether
[00:10:46] [Server thread/INFO]: [ChunkHolderManager] Waiting 60s for chunk system to halt for world 'world_nether'
[00:10:46] [Server thread/INFO]: [ChunkHolderManager] Halted chunk system for world 'world_nether'
[00:10:46] [Server thread/INFO]: [ChunkHolderManager] Saving all chunkholders for world 'world_nether'
[00:10:47] [Server thread/INFO]: [ChunkHolderManager] Saved 529 block chunks, 529 entity chunks, 0 poi chunks in world 'world_nether' in 0.87s
[00:10:47] [Server thread/INFO]: ThreadedAnvilChunkStorage (DIM-1): All chunks are saved
[00:10:47] [Server thread/INFO]: Saving chunks for level 'ServerLevel[world_the_end]'/minecraft:the_end
[00:10:47] [Server thread/INFO]: [ChunkHolderManager] Waiting 60s for chunk system to halt for world 'world_the_end'
[00:10:47] [Server thread/INFO]: [ChunkHolderManager] Halted chunk system for world 'world_the_end'
[00:10:47] [Server thread/INFO]: [ChunkHolderManager] Saving all chunkholders for world 'world_the_end'
[00:10:47] [Server thread/INFO]: [ChunkHolderManager] Saved 529 block chunks, 529 entity chunks, 0 poi chunks in world 'world_the_end' in 0.33s
[00:10:47] [Server thread/INFO]: ThreadedAnvilChunkStorage (DIM1): All chunks are saved
[00:10:47] [Server thread/INFO]: Saving chunks for level 'ServerLevel[spawn]'/minecraft:spawn
[00:10:47] [Server thread/INFO]: [ChunkHolderManager] Waiting 60s for chunk system to halt for world 'spawn'
[00:10:47] [Server thread/INFO]: [ChunkHolderManager] Halted chunk system for world 'spawn'
[00:10:47] [Server thread/INFO]: [ChunkHolderManager] Saving all chunkholders for world 'spawn'
[00:10:47] [Server thread/INFO]: [ChunkHolderManager] Saved 529 block chunks, 529 entity chunks, 0 poi chunks in world 'spawn' in 0.43s
[00:10:47] [Server thread/INFO]: ThreadedAnvilChunkStorage (spawn): All chunks are saved
[00:10:47] [Server thread/INFO]: ThreadedAnvilChunkStorage: All dimensions are saved
[00:10:47] [Server thread/INFO]: Flushing Chunk IO
[00:10:47] [Server thread/INFO]: Closing Thread Pool
[00:10:47] [Server thread/INFO]: Closing Server
